<?xml version="1.0" encoding="UTF-8"?>
<!-- Generated by org.testng.reporters.JUnitXMLReporter -->
<testsuite hostname="DESKTOP-74O6H1L" ignored="3" name="Test" tests="4" failures="0" timestamp="2021-12-10T13:39:03 IST" time="0.079" errors="0">
  <testcase name="login" time="0.0" classname="GroppingTestCase.GroppingTestCase"/>
  <testcase name="search" time="0.0" classname="GroppingTestCase.GroppingTestCase"/>
  <testcase name="prepaidRecharge" time="0.0" classname="GroppingTestCase.GroppingTestCase"/>
  <testcase name="logout" time="0.0" classname="GroppingTestCase.GroppingTestCase"/>
  <testcase name="advancedSearch" time="0.0" classname="GroppingTestCase.GroppingTestCase">
    <ignored/>
  </testcase> <!-- advancedSearch -->
  <testcase name="billPayments" time="0.0" classname="GroppingTestCase.GroppingTestCase">
    <ignored/>
  </testcase> <!-- billPayments -->
  <testcase name="addVendor" time="0.0" classname="GroppingTestCase.GroppingTestCase">
    <ignored/>
  </testcase> <!-- addVendor -->
</testsuite> <!-- Test -->
